# JRE version: OpenJDK Runtime Environment (8.0_202-b03) (build 1.8.0_202-release-1483-b03)
# Java VM: OpenJDK 64-Bit Server VM (25.202-b03 mixed mode windows-amd64 compressed oops)
Heap:
 PSYoungGen      total 138240K, used 54688K [0x00000000d5b80000, 0x00000000e0400000, 0x0000000100000000)
  eden space 133120K, 41% used [0x00000000d5b80000,0x00000000d90e8248,0x00000000ddd80000)
  from space 5120K, 0% used [0x00000000ddd80000,0x00000000ddd80000,0x00000000de280000)
  to   space 15872K, 0% used [0x00000000df480000,0x00000000df480000,0x00000000e0400000)
 ParOldGen       total 65024K, used 27480K [0x0000000081200000, 0x0000000085180000, 0x00000000d5b80000)
  object space 65024K, 42% used [0x0000000081200000,0x0000000082cd6178,0x0000000085180000)
 Metaspace       used 39838K, capacity 40454K, committed 40704K, reserved 1085440K
  class space    used 5113K, capacity 5296K, committed 5376K, reserved 1048576K
GC Heap History (10 events):
Event: 1.586 GC heap before
{Heap before GC invocations=3 (full 0):
 PSYoungGen      total 71680K, used 21490K [0x00000000d5b80000, 0x00000000da680000, 0x0000000100000000)
  eden space 66560K, 24% used [0x00000000d5b80000,0x00000000d6b827a8,0x00000000d9c80000)
  from space 5120K, 99% used [0x00000000da180000,0x00000000da67a2c8,0x00000000da680000)
  to   space 5120K, 0% used [0x00000000d9c80000,0x00000000d9c80000,0x00000000da180000)
 ParOldGen       total 87552K, used 7521K [0x0000000081200000, 0x0000000086780000, 0x00000000d5b80000)
  object space 87552K, 8% used [0x0000000081200000,0x00000000819587f0,0x0000000086780000)
 Metaspace       used 20786K, capacity 21138K, committed 21296K, reserved 1067008K
  class space    used 2717K, capacity 2837K, committed 2944K, reserved 1048576K
Event: 1.595 GC heap after
Heap after GC invocations=3 (full 0):
 PSYoungGen      total 71680K, used 5118K [0x00000000d5b80000, 0x00000000de780000, 0x0000000100000000)
  eden space 66560K, 0% used [0x00000000d5b80000,0x00000000d5b80000,0x00000000d9c80000)
  from space 5120K, 99% used [0x00000000d9c80000,0x00000000da17fa00,0x00000000da180000)
  to   space 5120K, 0% used [0x00000000de280000,0x00000000de280000,0x00000000de780000)
 ParOldGen       total 87552K, used 11101K [0x0000000081200000, 0x0000000086780000, 0x00000000d5b80000)
  object space 87552K, 12% used [0x0000000081200000,0x0000000081cd7748,0x0000000086780000)
 Metaspace       used 20786K, capacity 21138K, committed 21296K, reserved 1067008K
  class space    used 2717K, capacity 2837K, committed 2944K, reserved 1048576K
}
Event: 1.595 GC heap before
{Heap before GC invocations=4 (full 1):
 PSYoungGen      total 71680K, used 5118K [0x00000000d5b80000, 0x00000000de780000, 0x0000000100000000)
  eden space 66560K, 0% used [0x00000000d5b80000,0x00000000d5b80000,0x00000000d9c80000)
  from space 5120K, 99% used [0x00000000d9c80000,0x00000000da17fa00,0x00000000da180000)
  to   space 5120K, 0% used [0x00000000de280000,0x00000000de280000,0x00000000de780000)
 ParOldGen       total 87552K, used 11101K [0x0000000081200000, 0x0000000086780000, 0x00000000d5b80000)
  object space 87552K, 12% used [0x0000000081200000,0x0000000081cd7748,0x0000000086780000)
 Metaspace       used 20786K, capacity 21138K, committed 21296K, reserved 1067008K
  class space    used 2717K, capacity 2837K, committed 2944K, reserved 1048576K
Event: 1.631 GC heap after
Heap after GC invocations=4 (full 1):
 PSYoungGen      total 71680K, used 0K [0x00000000d5b80000, 0x00000000de780000, 0x0000000100000000)
  eden space 66560K, 0% used [0x00000000d5b80000,0x00000000d5b80000,0x00000000d9c80000)
  from space 5120K, 0% used [0x00000000d9c80000,0x00000000d9c80000,0x00000000da180000)
  to   space 5120K, 0% used [0x00000000de280000,0x00000000de280000,0x00000000de780000)
 ParOldGen       total 65024K, used 8567K [0x0000000081200000, 0x0000000085180000, 0x00000000d5b80000)
  object space 65024K, 13% used [0x0000000081200000,0x0000000081a5dd70,0x0000000085180000)
 Metaspace       used 20786K, capacity 21138K, committed 21296K, reserved 1067008K
  class space    used 2717K, capacity 2837K, committed 2944K, reserved 1048576K
}
Event: 2.736 GC heap before
{Heap before GC invocations=5 (full 1):
 PSYoungGen      total 71680K, used 66560K [0x00000000d5b80000, 0x00000000de780000, 0x0000000100000000)
  eden space 66560K, 100% used [0x00000000d5b80000,0x00000000d9c80000,0x00000000d9c80000)
  from space 5120K, 0% used [0x00000000d9c80000,0x00000000d9c80000,0x00000000da180000)
  to   space 5120K, 0% used [0x00000000de280000,0x00000000de280000,0x00000000de780000)
 ParOldGen       total 65024K, used 8567K [0x0000000081200000, 0x0000000085180000, 0x00000000d5b80000)
  object space 65024K, 13% used [0x0000000081200000,0x0000000081a5dd70,0x0000000085180000)
 Metaspace       used 29801K, capacity 30316K, committed 30464K, reserved 1075200K
  class space    used 3835K, capacity 3994K, committed 4096K, reserved 1048576K
Event: 2.751 GC heap after
Heap after GC invocations=5 (full 1):
 PSYoungGen      total 101888K, used 5090K [0x00000000d5b80000, 0x00000000de780000, 0x0000000100000000)
  eden space 96768K, 0% used [0x00000000d5b80000,0x00000000d5b80000,0x00000000dba00000)
  from space 5120K, 99% used [0x00000000de280000,0x00000000de778908,0x00000000de780000)
  to   space 5120K, 0% used [0x00000000ddd80000,0x00000000ddd80000,0x00000000de280000)
 ParOldGen       total 65024K, used 19594K [0x0000000081200000, 0x0000000085180000, 0x00000000d5b80000)
  object space 65024K, 30% used [0x0000000081200000,0x0000000082522ac8,0x0000000085180000)
 Metaspace       used 29801K, capacity 30316K, committed 30464K, reserved 1075200K
  class space    used 3835K, capacity 3994K, committed 4096K, reserved 1048576K
}
Event: 3.270 GC heap before
{Heap before GC invocations=6 (full 1):
 PSYoungGen      total 101888K, used 32400K [0x00000000d5b80000, 0x00000000de780000, 0x0000000100000000)
  eden space 96768K, 28% used [0x00000000d5b80000,0x00000000d762b7f0,0x00000000dba00000)
  from space 5120K, 99% used [0x00000000de280000,0x00000000de778908,0x00000000de780000)
  to   space 5120K, 0% used [0x00000000ddd80000,0x00000000ddd80000,0x00000000de280000)
 ParOldGen       total 65024K, used 19594K [0x0000000081200000, 0x0000000085180000, 0x00000000d5b80000)
  object space 65024K, 30% used [0x0000000081200000,0x0000000082522ac8,0x0000000085180000)
 Metaspace       used 34796K, capacity 35274K, committed 35456K, reserved 1079296K
  class space    used 4473K, capacity 4628K, committed 4736K, reserved 1048576K
Event: 3.280 GC heap after
Heap after GC invocations=6 (full 1):
 PSYoungGen      total 138240K, used 5099K [0x00000000d5b80000, 0x00000000e0400000, 0x0000000100000000)
  eden space 133120K, 0% used [0x00000000d5b80000,0x00000000d5b80000,0x00000000ddd80000)
  from space 5120K, 99% used [0x00000000ddd80000,0x00000000de27adc8,0x00000000de280000)
  to   space 15872K, 0% used [0x00000000df480000,0x00000000df480000,0x00000000e0400000)
 ParOldGen       total 65024K, used 26223K [0x0000000081200000, 0x0000000085180000, 0x00000000d5b80000)
  object space 65024K, 40% used [0x0000000081200000,0x0000000082b9bf90,0x0000000085180000)
 Metaspace       used 34796K, capacity 35274K, committed 35456K, reserved 1079296K
  class space    used 4473K, capacity 4628K, committed 4736K, reserved 1048576K
}
Event: 3.280 GC heap before
{Heap before GC invocations=7 (full 2):
 PSYoungGen      total 138240K, used 5099K [0x00000000d5b80000, 0x00000000e0400000, 0x0000000100000000)
  eden space 133120K, 0% used [0x00000000d5b80000,0x00000000d5b80000,0x00000000ddd80000)
  from space 5120K, 99% used [0x00000000ddd80000,0x00000000de27adc8,0x00000000de280000)
  to   space 15872K, 0% used [0x00000000df480000,0x00000000df480000,0x00000000e0400000)
 ParOldGen       total 65024K, used 26223K [0x0000000081200000, 0x0000000085180000, 0x00000000d5b80000)
  object space 65024K, 40% used [0x0000000081200000,0x0000000082b9bf90,0x0000000085180000)
 Metaspace       used 34796K, capacity 35274K, committed 35456K, reserved 1079296K
  class space    used 4473K, capacity 4628K, committed 4736K, reserved 1048576K
Event: 3.357 GC heap after
Heap after GC invocations=7 (full 2):
 PSYoungGen      total 138240K, used 0K [0x00000000d5b80000, 0x00000000e0400000, 0x0000000100000000)
  eden space 133120K, 0% used [0x00000000d5b80000,0x00000000d5b80000,0x00000000ddd80000)
  from space 5120K, 0% used [0x00000000ddd80000,0x00000000ddd80000,0x00000000de280000)
  to   space 15872K, 0% used [0x00000000df480000,0x00000000df480000,0x00000000e0400000)
 ParOldGen       total 65024K, used 27480K [0x0000000081200000, 0x0000000085180000, 0x00000000d5b80000)
  object space 65024K, 42% used [0x0000000081200000,0x0000000082cd6178,0x0000000085180000)
 Metaspace       used 34796K, capacity 35274K, committed 35456K, reserved 1079296K
  class space    used 4473K, capacity 4628K, committed 4736K, reserved 1048576K
}

