# JRE version: OpenJDK Runtime Environment (8.0_202-b03) (build 1.8.0_202-release-1483-b03)
# Java VM: OpenJDK 64-Bit Server VM (25.202-b03 mixed mode windows-amd64 compressed oops)
Heap:
 PSYoungGen      total 356864K, used 220295K [0x00000000e0000000, 0x0000000100000000, 0x0000000100000000)
  eden space 216576K, 36% used [0x00000000e0000000,0x00000000e4e29bf8,0x00000000ed380000)
  from space 140288K, 99% used [0x00000000ed380000,0x00000000f5c78030,0x00000000f5c80000)
  to   space 163840K, 0% used [0x00000000f6000000,0x00000000f6000000,0x0000000100000000)
 ParOldGen       total 285184K, used 135891K [0x00000000a0000000, 0x00000000b1680000, 0x00000000e0000000)
  object space 285184K, 47% used [0x00000000a0000000,0x00000000a84b4d18,0x00000000b1680000)
 Metaspace       used 207917K, capacity 219937K, committed 220120K, reserved 1241088K
  class space    used 26289K, capacity 28377K, committed 28416K, reserved 1048576K
GC Heap History (10 events):
Event: 7206.785 GC heap before
{Heap before GC invocations=63 (full 6):
 PSYoungGen      total 343040K, used 322449K [0x00000000e0000000, 0x0000000100000000, 0x0000000100000000)
  eden space 191488K, 100% used [0x00000000e0000000,0x00000000ebb00000,0x00000000ebb00000)
  from space 151552K, 86% used [0x00000000f6c00000,0x00000000febe4748,0x0000000100000000)
  to   space 166400K, 0% used [0x00000000ebb00000,0x00000000ebb00000,0x00000000f5d80000)
 ParOldGen       total 285184K, used 101729K [0x00000000a0000000, 0x00000000b1680000, 0x00000000e0000000)
  object space 285184K, 35% used [0x00000000a0000000,0x00000000a6358408,0x00000000b1680000)
 Metaspace       used 202729K, capacity 214497K, committed 214744K, reserved 1236992K
  class space    used 25782K, capacity 27831K, committed 27904K, reserved 1048576K
Event: 7206.849 GC heap after
Heap after GC invocations=63 (full 6):
 PSYoungGen      total 357888K, used 64836K [0x00000000e0000000, 0x00000000fff80000, 0x0000000100000000)
  eden space 191488K, 0% used [0x00000000e0000000,0x00000000e0000000,0x00000000ebb00000)
  from space 166400K, 38% used [0x00000000ebb00000,0x00000000efa513e0,0x00000000f5d80000)
  to   space 158720K, 0% used [0x00000000f6480000,0x00000000f6480000,0x00000000fff80000)
 ParOldGen       total 285184K, used 101761K [0x00000000a0000000, 0x00000000b1680000, 0x00000000e0000000)
  object space 285184K, 35% used [0x00000000a0000000,0x00000000a6360408,0x00000000b1680000)
 Metaspace       used 202729K, capacity 214497K, committed 214744K, reserved 1236992K
  class space    used 25782K, capacity 27831K, committed 27904K, reserved 1048576K
}
Event: 7242.073 GC heap before
{Heap before GC invocations=64 (full 6):
 PSYoungGen      total 357888K, used 256324K [0x00000000e0000000, 0x00000000fff80000, 0x0000000100000000)
  eden space 191488K, 100% used [0x00000000e0000000,0x00000000ebb00000,0x00000000ebb00000)
  from space 166400K, 38% used [0x00000000ebb00000,0x00000000efa513e0,0x00000000f5d80000)
  to   space 158720K, 0% used [0x00000000f6480000,0x00000000f6480000,0x00000000fff80000)
 ParOldGen       total 285184K, used 101761K [0x00000000a0000000, 0x00000000b1680000, 0x00000000e0000000)
  object space 285184K, 35% used [0x00000000a0000000,0x00000000a6360408,0x00000000b1680000)
 Metaspace       used 202902K, capacity 214687K, committed 214744K, reserved 1236992K
  class space    used 25793K, capacity 27852K, committed 27904K, reserved 1048576K
Event: 7242.144 GC heap after
Heap after GC invocations=64 (full 6):
 PSYoungGen      total 337408K, used 63435K [0x00000000e0000000, 0x00000000feb80000, 0x0000000100000000)
  eden space 199168K, 0% used [0x00000000e0000000,0x00000000e0000000,0x00000000ec280000)
  from space 138240K, 45% used [0x00000000f6480000,0x00000000fa272ed0,0x00000000feb80000)
  to   space 152064K, 0% used [0x00000000ec280000,0x00000000ec280000,0x00000000f5700000)
 ParOldGen       total 285184K, used 102993K [0x00000000a0000000, 0x00000000b1680000, 0x00000000e0000000)
  object space 285184K, 36% used [0x00000000a0000000,0x00000000a64946a0,0x00000000b1680000)
 Metaspace       used 202902K, capacity 214687K, committed 214744K, reserved 1236992K
  class space    used 25793K, capacity 27852K, committed 27904K, reserved 1048576K
}
Event: 7330.312 GC heap before
{Heap before GC invocations=65 (full 6):
 PSYoungGen      total 337408K, used 262603K [0x00000000e0000000, 0x00000000feb80000, 0x0000000100000000)
  eden space 199168K, 100% used [0x00000000e0000000,0x00000000ec280000,0x00000000ec280000)
  from space 138240K, 45% used [0x00000000f6480000,0x00000000fa272ed0,0x00000000feb80000)
  to   space 152064K, 0% used [0x00000000ec280000,0x00000000ec280000,0x00000000f5700000)
 ParOldGen       total 285184K, used 102993K [0x00000000a0000000, 0x00000000b1680000, 0x00000000e0000000)
  object space 285184K, 36% used [0x00000000a0000000,0x00000000a64946a0,0x00000000b1680000)
 Metaspace       used 203071K, capacity 214857K, committed 215000K, reserved 1236992K
  class space    used 25803K, capacity 27869K, committed 27904K, reserved 1048576K
Event: 7330.431 GC heap after
Heap after GC invocations=65 (full 6):
 PSYoungGen      total 351232K, used 52098K [0x00000000e0000000, 0x00000000ff580000, 0x0000000100000000)
  eden space 199168K, 0% used [0x00000000e0000000,0x00000000e0000000,0x00000000ec280000)
  from space 152064K, 34% used [0x00000000ec280000,0x00000000ef560950,0x00000000f5700000)
  to   space 147456K, 0% used [0x00000000f6580000,0x00000000f6580000,0x00000000ff580000)
 ParOldGen       total 285184K, used 123154K [0x00000000a0000000, 0x00000000b1680000, 0x00000000e0000000)
  object space 285184K, 43% used [0x00000000a0000000,0x00000000a7844b78,0x00000000b1680000)
 Metaspace       used 203071K, capacity 214857K, committed 215000K, reserved 1236992K
  class space    used 25803K, capacity 27869K, committed 27904K, reserved 1048576K
}
Event: 7339.347 GC heap before
{Heap before GC invocations=66 (full 6):
 PSYoungGen      total 351232K, used 251266K [0x00000000e0000000, 0x00000000ff580000, 0x0000000100000000)
  eden space 199168K, 100% used [0x00000000e0000000,0x00000000ec280000,0x00000000ec280000)
  from space 152064K, 34% used [0x00000000ec280000,0x00000000ef560950,0x00000000f5700000)
  to   space 147456K, 0% used [0x00000000f6580000,0x00000000f6580000,0x00000000ff580000)
 ParOldGen       total 285184K, used 123154K [0x00000000a0000000, 0x00000000b1680000, 0x00000000e0000000)
  object space 285184K, 43% used [0x00000000a0000000,0x00000000a7844b78,0x00000000b1680000)
 Metaspace       used 203194K, capacity 215091K, committed 215256K, reserved 1236992K
  class space    used 25807K, capacity 27876K, committed 27904K, reserved 1048576K
Event: 7339.408 GC heap after
Heap after GC invocations=66 (full 6):
 PSYoungGen      total 347648K, used 68158K [0x00000000e0000000, 0x00000000fe580000, 0x0000000100000000)
  eden space 216576K, 0% used [0x00000000e0000000,0x00000000e0000000,0x00000000ed380000)
  from space 131072K, 52% used [0x00000000f6580000,0x00000000fa80fb40,0x00000000fe580000)
  to   space 140288K, 0% used [0x00000000ed380000,0x00000000ed380000,0x00000000f5c80000)
 ParOldGen       total 285184K, used 123778K [0x00000000a0000000, 0x00000000b1680000, 0x00000000e0000000)
  object space 285184K, 43% used [0x00000000a0000000,0x00000000a78e0b98,0x00000000b1680000)
 Metaspace       used 203194K, capacity 215091K, committed 215256K, reserved 1236992K
  class space    used 25807K, capacity 27876K, committed 27904K, reserved 1048576K
}
Event: 7340.585 GC heap before
{Heap before GC invocations=67 (full 6):
 PSYoungGen      total 347648K, used 284734K [0x00000000e0000000, 0x00000000fe580000, 0x0000000100000000)
  eden space 216576K, 100% used [0x00000000e0000000,0x00000000ed380000,0x00000000ed380000)
  from space 131072K, 52% used [0x00000000f6580000,0x00000000fa80fb40,0x00000000fe580000)
  to   space 140288K, 0% used [0x00000000ed380000,0x00000000ed380000,0x00000000f5c80000)
 ParOldGen       total 285184K, used 123778K [0x00000000a0000000, 0x00000000b1680000, 0x00000000e0000000)
  object space 285184K, 43% used [0x00000000a0000000,0x00000000a78e0b98,0x00000000b1680000)
 Metaspace       used 207917K, capacity 219937K, committed 220120K, reserved 1241088K
  class space    used 26288K, capacity 28377K, committed 28416K, reserved 1048576K
Event: 7340.963 GC heap after
Heap after GC invocations=67 (full 6):
 PSYoungGen      total 356864K, used 140256K [0x00000000e0000000, 0x0000000100000000, 0x0000000100000000)
  eden space 216576K, 0% used [0x00000000e0000000,0x00000000e0000000,0x00000000ed380000)
  from space 140288K, 99% used [0x00000000ed380000,0x00000000f5c78030,0x00000000f5c80000)
  to   space 163840K, 0% used [0x00000000f6000000,0x00000000f6000000,0x0000000100000000)
 ParOldGen       total 285184K, used 135891K [0x00000000a0000000, 0x00000000b1680000, 0x00000000e0000000)
  object space 285184K, 47% used [0x00000000a0000000,0x00000000a84b4d18,0x00000000b1680000)
 Metaspace       used 207917K, capacity 219937K, committed 220120K, reserved 1241088K
  class space    used 26288K, capacity 28377K, committed 28416K, reserved 1048576K
}

